Thread:main  javax.servlet.GenericServlet[212] 2013-03-09 09:39:31 ĞÇÆÚÁù [INFO] network init start
Thread:main  com.network.manage.db.DBManager[44] 2013-03-09 09:39:32 ĞÇÆÚÁù [INFO] H:\mongodb\bin\mongod.exe -dbpath H:\mongodb\data\
Thread:Thread-2  java.lang.Thread[722] 2013-03-09 09:39:34 ĞÇÆÚÁù [INFO] Sat Mar 09 09:39:34 [initandlisten] MongoDB starting : pid=2804 port=27017 dbpath=H:\mongodb\data\ 64-bit host=zhangli-PC
Thread:Thread-2  java.lang.Thread[722] 2013-03-09 09:39:34 ĞÇÆÚÁù [INFO] Sat Mar 09 09:39:34 [initandlisten] db version v2.2.1, pdfile version 4.5
Thread:Thread-2  java.lang.Thread[722] 2013-03-09 09:39:34 ĞÇÆÚÁù [INFO] Sat Mar 09 09:39:34 [initandlisten] git version: d6764bf8dfe0685521b8bc7b98fd1fab8cfeb5ae
Thread:Thread-2  java.lang.Thread[722] 2013-03-09 09:39:34 ĞÇÆÚÁù [INFO] Sat Mar 09 09:39:34 [initandlisten] build info: windows sys.getwindowsversion(major=6, minor=1, build=7601, platform=2, service_pack='Service Pack 1') BOOST_LIB_VERSION=1_49
Thread:Thread-2  java.lang.Thread[722] 2013-03-09 09:39:34 ĞÇÆÚÁù [INFO] Sat Mar 09 09:39:34 [initandlisten] options: { dbpath: "H:\mongodb\data\" }
Thread:Thread-2  java.lang.Thread[722] 2013-03-09 09:39:34 ĞÇÆÚÁù [INFO] Sat Mar 09 09:39:34 [initandlisten] journal dir=H:/mongodb/data/journal
Thread:Thread-2  java.lang.Thread[722] 2013-03-09 09:39:34 ĞÇÆÚÁù [INFO] Sat Mar 09 09:39:34 [initandlisten] recover : no journal files present, no recovery needed
Thread:Thread-2  java.lang.Thread[722] 2013-03-09 09:39:35 ĞÇÆÚÁù [INFO] Sat Mar 09 09:39:35 [initandlisten] query network.system.namespaces query: { options.temp: { $in: [ true, 1 ] } } ntoreturn:0 ntoskip:0 nscanned:5 keyUpdates:0  nreturned:0 reslen:20 140ms
Thread:Thread-2  java.lang.Thread[722] 2013-03-09 09:39:35 ĞÇÆÚÁù [INFO] Sat Mar 09 09:39:35 [websvr] admin web console waiting for connections on port 28017
Thread:Thread-2  java.lang.Thread[722] 2013-03-09 09:39:35 ĞÇÆÚÁù [INFO] Sat Mar 09 09:39:35 [initandlisten] waiting for connections on port 27017
Thread:main  com.network.manage.Manager[19] 2013-03-09 09:39:36 ĞÇÆÚÁù [INFO] connected to mongodb on localhost:27017 successfully!
Thread:main  com.network.manage.Manager[19] 2013-03-09 09:39:36 ĞÇÆÚÁù [INFO] the name of the db is network!
Thread:main  com.network.manage.db.DBManager[62] 2013-03-09 09:39:36 ĞÇÆÚÁù [INFO] initialize com.network.db.impl.UserDBImpl successfully !
Thread:main  com.network.manage.db.DBManager[62] 2013-03-09 09:39:36 ĞÇÆÚÁù [INFO] initialize com.network.db.impl.DocumentDBImpl successfully !
Thread:main  com.network.GlobalServlet[65] 2013-03-09 09:39:36 ĞÇÆÚÁù [INFO] logic begin
Thread:main  com.network.manage.logic.LogicManager[33] 2013-03-09 09:39:36 ĞÇÆÚÁù [INFO] initialize com.network.logic.user.UserLogic successfully !
Thread:main  com.network.manage.logic.LogicManager[33] 2013-03-09 09:39:36 ĞÇÆÚÁù [INFO] initialize com.network.logic.document.DocumentLogic successfully !
Thread:main  com.network.GlobalServlet[65] 2013-03-09 09:39:36 ĞÇÆÚÁù [INFO] logic end
Thread:main  com.network.GlobalServlet[65] 2013-03-09 09:39:36 ĞÇÆÚÁù [INFO] dealer begin
Thread:main  com.network.manage.dealer.DealerManager[281] 2013-03-09 09:39:36 ĞÇÆÚÁù [INFO] initialize com.network.dealer.user.UserDealer successfully !
Thread:main  com.network.manage.dealer.DealerManager[281] 2013-03-09 09:39:36 ĞÇÆÚÁù [INFO] initialize com.network.dealer.DefaultDealer successfully !
Thread:main  com.network.manage.dealer.DealerManager[281] 2013-03-09 09:39:36 ĞÇÆÚÁù [INFO] initialize com.network.dealer.page.PageDealer successfully !
Thread:main  com.network.manage.dealer.DealerManager[281] 2013-03-09 09:39:36 ĞÇÆÚÁù [INFO] initialize com.network.dealer.static_resource.StaticResourceDealer successfully !
Thread:main  com.network.manage.dealer.DealerManager[281] 2013-03-09 09:39:36 ĞÇÆÚÁù [INFO] initialize com.network.dealer.manage_center.ManageDealer successfully !
Thread:main  com.network.manage.dealer.DealerManager[281] 2013-03-09 09:39:36 ĞÇÆÚÁù [INFO] initialize com.network.dealer.document.DocumentDealer successfully !
Thread:main  com.network.GlobalServlet[65] 2013-03-09 09:39:36 ĞÇÆÚÁù [INFO] dealer end
Thread:main  javax.servlet.GenericServlet[212] 2013-03-09 09:39:36 ĞÇÆÚÁù [INFO] init successfully!
Thread:Thread-2  java.lang.Thread[722] 2013-03-09 09:40:05 ĞÇÆÚÁù [INFO] Sat Mar 09 09:40:05 [initandlisten] connection accepted from 127.0.0.1:1189 #1 (1 connection now open)
Thread:Thread-2  java.lang.Thread[722] 2013-03-09 09:40:11 ĞÇÆÚÁù [INFO] Sat Mar 09 09:40:11 [initandlisten] connection accepted from 127.0.0.1:1193 #2 (2 connections now open)
Thread:Thread-2  java.lang.Thread[722] 2013-03-09 09:40:28 ĞÇÆÚÁù [INFO] Sat Mar 09 09:40:28 [initandlisten] connection accepted from 127.0.0.1:1206 #3 (3 connections now open)
